<?xml version="1.0" encoding="UTF-8"?>
<!-- Generated by org.testng.reporters.JUnitReportReporter -->
<testsuite hostname="shreyass-MacBook-Air.local" failures="0" tests="3" name="onventTests.DashboardTest" time="6.542" errors="0" timestamp="2023-04-19T16:58:05 IST" skipped="0">
  <testcase classname="onventTests.DashboardTest" name="TakeScreenshot" time="1.802"/>
  <system-out/>
  <testcase classname="onventTests.DashboardTest" name="AddPostonLiveWall" time="2.828"/>
  <system-out/>
  <testcase classname="onventTests.DashboardTest" name="LogoutDashboard" time="1.912"/>
  <system-out/>
</testsuite> <!-- onventTests.DashboardTest -->
