<?xml version="1.0" encoding="UTF-8"?>
<!-- Generated by org.testng.reporters.JUnitReportReporter -->
<testsuite hostname="shreyass-MacBook-Air.local" failures="0" tests="1" name="onventTests.HomeTest" time="2.104" errors="0" timestamp="2023-04-19T16:58:05 IST" skipped="0">
  <testcase classname="onventTests.HomeTest" name="navigate_to_homepage" time="2.104"/>
  <system-out/>
</testsuite> <!-- onventTests.HomeTest -->
