<?xml version="1.0" encoding="UTF-8"?>
<!-- Generated by org.testng.reporters.JUnitReportReporter -->
<testsuite hostname="shreyass-MacBook-Air.local" failures="0" tests="1" name="onventTests.RegistrationTest" time="34.330" errors="0" timestamp="2023-04-19T16:58:05 IST" skipped="0">
  <testcase classname="onventTests.RegistrationTest" name="CompleteRegistrationForm" time="34.330"/>
  <system-out/>
</testsuite> <!-- onventTests.RegistrationTest -->
